
Showing logs for build [32mcb-kubecd-environment-pr-199-16-cr6bd-1[0m stage [32mfrom-build-pack[0m and container [32mstep-credential-initializer-zz2wn[0m
{"level":"warn","ts":1586836230.5709565,"logger":"fallback-logger","caller":"logging/config.go:69","msg":"Fetch GitHub commit ID from kodata failed: \"ref: refs/heads/0.8.0-**-support-backwards-incompats\" is not a valid GitHub commit ID"}
{"level":"info","ts":1586836230.5715153,"logger":"fallback-logger","caller":"creds-init/main.go:40","msg":"Credentials initialized."}

Showing logs for build [32mcb-kubecd-environment-pr-199-16-cr6bd-1[0m stage [32mfrom-build-pack[0m and container [32mstep-working-dir-initializer-zdjdn[0m
{"level":"warn","ts":1586836231.2713718,"logger":"fallback-logger","caller":"logging/config.go:69","msg":"Fetch GitHub commit ID from kodata failed: open /var/run/ko/HEAD: no such file or directory"}
{"level":"info","ts":1586836231.273162,"logger":"fallback-logger","caller":"bash/main.go:64","msg":"Successfully executed command \"sh -c mkdir -p /workspace/source\"; output "}

Showing logs for build [32mcb-kubecd-environment-pr-199-16-cr6bd-1[0m stage [32mfrom-build-pack[0m and container [32mstep-place-tools[0m

Showing logs for build [32mcb-kubecd-environment-pr-199-16-cr6bd-1[0m stage [32mfrom-build-pack[0m and container [32mstep-git-source-cb-kubecd-environment-pr-199-16-cr6bd-k8vwj[0m
{"level":"warn","ts":1586836236.4637942,"logger":"fallback-logger","caller":"logging/config.go:69","msg":"Fetch GitHub commit ID from kodata failed: \"ref: refs/heads/0.8.0-**-support-backwards-incompats\" is not a valid GitHub commit ID"}
{"level":"info","ts":1586836237.563107,"logger":"fallback-logger","caller":"git/git.go:103","msg":"Successfully cloned https://github.com/cb-kubecd/environment-pr-199-166-boot-vault-gke-staging.git @ master in path /workspace/source"}

Showing logs for build [32mcb-kubecd-environment-pr-199-16-cr6bd-1[0m stage [32mfrom-build-pack[0m and container [32mstep-git-merge[0m
Using SHAs from PULL_REFS=master:500789c6bcc16f4eb4977638bb3557f02c95c7c5,4:50162dcb1e0c13d76c7b09467676013fad26d8ee
DEBUG: JX_LOG_LEVEL=error LC_ALL=C git fetch origin --unshallow 50162dcb1e0c13d76c7b09467676013fad26d8ee: 500789c6bcc16f4eb4977638bb3557f02c95c7c5:
DEBUG: ran git fetch --unshallow origin 50162dcb1e0c13d76c7b09467676013fad26d8ee: 500789c6bcc16f4eb4977638bb3557f02c95c7c5: in 
DEBUG: JX_LOG_LEVEL=error LC_ALL=C git branch
DEBUG: LC_ALL=C JX_LOG_LEVEL=error git checkout master
DEBUG: ran git checkout master in 
DEBUG: LC_ALL=C JX_LOG_LEVEL=error git reset --hard 500789c6bcc16f4eb4977638bb3557f02c95c7c5
DEBUG: ran git reset --hard 500789c6bcc16f4eb4977638bb3557f02c95c7c5 in 
DEBUG: LC_ALL=C JX_LOG_LEVEL=error git clean -fd .
DEBUG: ran clean --force -d . in 
DEBUG: LC_ALL=C JX_LOG_LEVEL=error git merge 50162dcb1e0c13d76c7b09467676013fad26d8ee
DEBUG: ran git merge 50162dcb1e0c13d76c7b09467676013fad26d8ee in 
DEBUG: LC_ALL=C JX_LOG_LEVEL=error git log --format=%H%x1f%an%x1f%ae%x1f%cn%x1f%ce%x1f%s%n%b%x1e 500789c6bcc16f4eb4977638bb3557f02c95c7c5..HEAD
Merged SHA 50162dcb1e0c13d76c7b09467676013fad26d8ee with commit message 'chore: Promote bdd-gh-1586833308 to version 0.0.1' into base branch master

Showing logs for build [32mcb-kubecd-environment-pr-199-16-cr6bd-1[0m stage [32mfrom-build-pack[0m and container [32mstep-build-helm-build[0m
WARNING: No $CHART_REPOSITORY defined so using the default value of: http://jenkins-x-chartmuseum:8080
Adding missing Helm repo: storage.googleapis.com https://storage.googleapis.com/chartmuseum.jenkins-x.io
WARNING: No secrets found on "helm/repos" due: reading the secret "helm/repos" from vault: no secret "helm/repos" not found in vault
Read credentials for https://storage.googleapis.com/chartmuseum.jenkins-x.io from vault helm/repos
Successfully added Helm repository storage.googleapis.com.
Adding missing Helm repo: jenkins-x-chartmuseum http://jenkins-x-chartmuseum:8080
WARNING: No secrets found on "helm/repos" due: reading the secret "helm/repos" from vault: no secret "helm/repos" not found in vault
Read credentials for http://jenkins-x-chartmuseum:8080 from vault helm/repos
Successfully added Helm repository jenkins-x-chartmuseum.
WARNING: No $CHART_REPOSITORY defined so using the default value of: http://jenkins-x-chartmuseum:8080
Adding missing Helm repo: chartmuseum.jenkins-x.io http://chartmuseum.jenkins-x.io
WARNING: No secrets found on "helm/repos" due: reading the secret "helm/repos" from vault: no secret "helm/repos" not found in vault
Read credentials for http://chartmuseum.jenkins-x.io from vault helm/repos
Successfully added Helm repository chartmuseum.jenkins-x.io.
